749
14 205
260 1623
407 1589
436 1411
564 1320
716 857
1692 179678
1742 179608
1776 178917
1830 178730
1869 178628
1872 174417
1949 174387
2052 174299
2082 174271
2211 174242
2293 173873
2449 173824
2545 67879
2602 2758
2993 67491
2999 13942
3068 13884
3129 13768
3185 9080
3266 8986
3314 8683
3425 3429
3819 8663
3970 4088
4326 8643
4360 8571
4385 7085
4433 6835
4492 6802
4520 6381
4545 4665
4793 6320
4924 6135
5180 5429
5662 5802
5932 6120
6632 6793
7092 8484
7116 7816
7908 7981
7993 8298
8707 8748
9115 13535
9249 9389
9419 12614
9618 12363
9753 12351
9893 12275
9900 10464
10154 10376
10176 10247
10519 12160
10526 11741
10607 11709
10823 11004
11045 11554
11365 11473
12014 12127
12675 12801
12830 13520
12948 13323
13993 67455
14001 67186
14015 14063
14418 67181
14512 67161
14538 14846
14905 15017
15080 67042
15179 66797
15182 17225
15263 16701
15300 16406
15338 16130
15727 16089
16150 16302
16711 17152
16850 16949
16950 17057
17243 66738
17269 66674
17306 66178
17310 66112
17381 63129
17508 62819
17786 62642
17822 62579
17995 62189
18008 61980
18082 61933
18115 61925
18137 19633
18414 19414
18530 19377
18622 18661
18869 19317
18877 19265
19155 19173
19506 19569
19652 61802
19675 26639
19751 26416
19806 26407
19913 20301
20387 24450
20537 24443
20540 24440
20719 24337
20776 24223
20791 24217
21002 24206
21059 21356
21474 24176
21525 24087
21605 23580
21802 21809
21909 22942
22012 22784
22258 22619
23006 23521
23014 23442
23633 23721
23968 24050
24597 25941
24632 25590
24694 25059
25648 25737
25855 25906
26708 61599
26786 61490
26873 27113
27120 59172
27160 59131
27167 59081
27313 58942
27484 27678
27886 58902
27910 58819
28056 28251
28363 28477
28574 58803
28672 58802
28689 32807
28893 29090
29233 31288
29349 31161
29389 30808
29450 30772
29565 30286
29634 29916
30819 30852
30935 31034
30969 31016
31358 32757
31412 32742
31421 32211
31637 32053
32372 32461
32815 32947
32961 58715
32973 58505
33358 58319
33552 58267
33665 57976
33703 57940
34044 57645
34094 57564
34119 34395
34150 34250
34492 57336
34548 56659
34618 36381
34736 35896
34738 35784
34787 34883
34957 35595
34990 35403
35485 35556
35921 36220
36386 36800
36866 56463
36895 56379
36965 56084
36979 55076
36985 55048
37005 54742
37078 54730
37294 37443
37342 37417
37474 54482
37530 53889
37730 53730
37875 38032
38155 53622
38251 53393
38273 53225
38320 38451
38325 38417
38470 53219
38588 38773
38797 53048
39132 52972
39145 40330
39213 40287
39267 40247
39272 40242
39405 39862
40371 45350
40524 45303
41051 44831
41180 44710
41370 44698
41459 41559
41571 43708
41572 43126
41694 42366
41748 42197
41874 42131
42427 42992
43178 43600
43229 43427
43752 44588
43860 44454
45039 45046
45198 45293
45354 52820
45376 52717
45507 52699
45771 52638
45843 50809
45939 50694
46060 50653
46120 46215
46325 49877
46354 47234
46370 46429
46494 46499
46647 46772
46938 46993
47007 47187
47082 47099
47363 47733
47460 47690
47823 49815
47881 49750
47915 48020
48097 49745
48327 48465
48601 49730
48683 49608
49009 49529
49845 49855
49940 50630
50233 50524
50875 51413
51387 51403
51479 52617
51516 51567
51573 51926
52137 52525
54529 54530
54764 55036
54848 54861
55107 55679
55158 55375
56190 56247
56670 57306
57032 57084
57668 57855
59190 59695
59248 59579
59723 61405
59935 61287
59944 61122
60036 60932
60050 60484
60231 60238
60677 60728
62315 62426
63023 63100
63162 64497
63243 64468
63403 63688
63740 64445
63787 63799
64189 64329
64518 66072
64579 65990
64721 65938
64739 65016
65490 65494
66818 66985
67188 67314
67889 173816
67932 173798
68038 173708
68050 173675
68088 72954
68092 72924
68228 72838
68443 68687
68756 72756
68803 72749
68813 72434
68997 71980
69176 71968
69210 69755
69790 71905
69933 70918
69939 70726
70274 70636
71024 71672
71127 71663
72969 172884
73006 172684
73016 73662
73314 73582
73754 172582
73815 172379
73922 172331
74241 172212
74387 172199
74442 172106
74569 171787
74751 75036
75161 171454
75244 171399
75346 77979
75369 77955
75808 77947
75825 76436
75918 76062
76470 77634
76505 77064
76593 77004
77165 77605
77651 77815
78007 171398
78173 171361
78192 170937
78216 170237
78276 124139
78485 124003
78500 123963
78781 120858
78818 120824
79100 120815
79407 120719
79414 119437
79489 118767
79503 118744
79521 112893
79665 79730
79868 80109
80166 112804
80204 112631
80248 111967
80290 111755
80301 80930
80380 80872
80398 80748
80483 80515
81141 111611
81225 111521
81297 110979
81382 110974
81393 110613
81394 109656
81425 84059
81476 83710
81500 82206
81583 82110
81834 81850
82227 83660
82246 83201
82298 83113
82404 82478
82594 83087
82596 82746
82750 83057
84183 109564
84295 109533
84365 109342
84472 109134
84564 109019
84812 108985
84885 85405
85139 85209
85541 108964
85625 108745
85731 108570
85953 108545
86057 108544
86134 93273
86183 87866
86211 86221
86336 86405
86452 87719
86580 87645
86668 86766
86872 87598
87211 87570
87937 93238
88059 88444
88471 93198
88578 93151
88754 93024
88973 92921
89029 92786
89091 89381
89444 92421
89503 92341
89592 91448
89658 90326
90341 91040
90397 90874
90604 90681
91068 91358
91510 92299
91588 92214
92366 92411
92530 92541
93377 108502
93422 99993
93718 99870
93900 99654
94022 99646
94123 99377
94219 94366
94474 99226
94575 99210
94605 98173
94649 98103
94675 98049
94679 97503
94820 97256
94910 97129
95076 96058
95165 95980
95601 95602
96094 97064
96259 96875
96808 96830
97380 97446
97522 98002
97880 97926
98307 98953
98443 98658
99014 99193
99392 99551
100071 108492
100164 108390
100402 100443
100484 108310
100637 100750
100786 108228
101167 101288
101317 108209
101543 107984
101690 107877
101713 107823
101786 107796
101814 104673
101982 104444
102105 104441
102198 102341
102370 104277
102388 102538
102591 104208
102671 102864
102748 102808
102959 104169
103078 103110
103283 103506
103828 103871
103902 104092
104546 104591
104899 106800
105146 106734
105255 106714
105377 106665
105451 106496
105717 106180
105733 106114
106848 107614
106968 107584
107034 107566
107240 107381
108331 108342
109850 110201
109871 109918
112024 112626
112269 112589
112392 112558
112953 118613
113177 113420
113509 118522
113535 118426
113744 118305
113750 118226
113800 118036
113925 114043
114083 117842
114085 114555
114676 117529
114749 117463
114796 116795
114990 115240
114996 115182
115321 116771
115358 116743
115361 116595
115447 116130
115463 115895
116224 116257
116914 117057
117247 117409
117613 117809
118883 119356
119100 119182
119453 120318
119615 120266
119713 119950
120387 120662
120536 120611
121112 123912
121180 123894
121233 122534
121312 122318
121340 121874
121661 121855
122107 122178
122737 123814
122759 123691
122956 123596
123200 123546
124566 170189
124680 170033
124687 169734
124746 169601
124827 169579
124871 125203
124925 125093
125268 168945
125534 168809
125601 126695
125730 126296
126542 126690
126701 168600
126711 168541
126859 127119
127168 168535
127195 167752
127199 167274
127239 167181
127304 167021
127373 166872
127474 166733
127960 166534
128043 166531
128109 166432
128121 166142
128190 166082
128375 165999
128421 128866
129187 165762
129280 160022
129332 160009
129418 159780
129444 159746
129476 159434
129492 130977
129609 130919
129622 130787
129693 130768
129978 130015
130136 130740
131023 159172
131033 159056
131463 131529
131779 158881
131835 158829
132097 158766
132230 157595
132562 157541
132872 157455
133004 157434
133018 156622
133065 156578
133227 156224
133236 133581
133336 133536
133699 149021
133715 146026
133834 146016
133847 145754
133874 145290
133911 144276
134327 144275
134351 144232
134465 144225
134494 136805
134528 136663
134543 134755
134896 135041
135120 136420
135144 135517
135613 136409
135780 136366
135813 136096
136425 136459
136894 144084
136953 137002
137086 144032
137116 143483
137432 143279
137715 143259
137756 137906
137957 142878
137968 138090
138242 141120
138311 141110
138385 140911
138537 140688
138577 140388
138624 140347
138815 140262
139018 139637
139972 140090
140019 140039
140440 140487
141015 141107
141192 142850
141212 142641
141252 141410
141564 142623
141588 142315
141925 142017
143521 143729
143947 144023
144284 144594
144290 144368
144806 145223
144884 144959
145009 145164
145354 145449
145802 146011
146152 148976
146199 148769
146245 148639
146362 146541
146702 148472
146742 148404
146793 147912
146879 147588
147146 147355
147422 147451
148036 148168
149091 156004
149147 155982
149208 154280
149263 154116
149265 153916
149292 153898
149336 153765
149594 153342
149611 153287
149654 153243
149814 153222
149884 150792
150026 150133
150841 152936
150966 151162
151166 152925
151779 151828
151957 152894
152056 152262
152215 152239
152486 152832
154331 155971
154598 155601
154738 155548
154913 154924
155076 155117
155628 155872
156441 156502
156641 156865
157643 157675
157902 158458
157939 158182
158700 158748
159180 159236
159252 159395
160367 165751
160507 165598
160956 165410
161064 165378
161099 164781
161177 162709
161236 162135
161238 161861
161241 161626
161397 161489
162744 162822
162957 164764
163033 164572
163108 163293
163361 164408
163432 164369
163688 164227
163937 163980
164009 164021
165164 165234
166336 166345
167283 167506
167797 167971
167989 168388
168047 168161
169211 169510
169814 170004
170270 170912
170273 170869
170372 170412
170953 171152
171486 171707
172590 172618
172933 173655
172952 173409
174566 177973
174615 175637
174920 175398
174959 175373
175669 177552
175689 177398
175725 175971
176110 177168
176147 177029
176229 176482
176494 176962
178156 178599
178179 178584
179334 179363
179442 179486
