749
73 61760
90 61715
133 61658
215 61648
248 61528
276 58915
626 58907
719 58779
875 58734
888 58706
1247 58568
1462 58389
1497 52076
1557 51998
1587 1854
1945 51935
1978 51316
1986 51214
2020 50690
2084 46037
2098 45894
2165 40829
2198 10733
2501 10444
2600 10293
2602 2758
2780 10263
2967 10168
3107 9705
3117 9638
3355 9537
3425 3429
3539 9184
3656 8897
3819 8663
3970 4088
4326 8643
4360 8571
4385 7085
4433 6835
4492 6802
4545 4665
4783 6427
4793 6320
5071 6280
5180 5429
5662 5802
5932 6120
6632 6793
7092 8484
7116 7816
7908 7981
8073 8344
8707 8748
9249 9389
9722 9992
10176 10247
10762 40762
10823 11004
11105 40553
11166 40477
11439 11688
11442 11681
11728 40441
11759 40023
11941 12436
12043 12200
12438 39986
12446 39985
12639 39948
12675 12801
12804 39902
12896 26675
12956 19649
12981 18405
13119 18270
13376 18066
13389 17996
13411 13814
13876 17963
13903 17869
14015 14063
14191 17731
14338 15406
14345 14817
14462 14772
14961 15215
15417 17630
15630 17554
15669 17411
15706 16649
15727 16089
16150 16302
16711 17152
16850 16949
16950 17057
18414 19414
18530 19377
18622 18661
18869 19317
18877 19265
19155 19173
19506 19569
19675 26639
19751 26416
19806 26407
20158 25413
20176 24711
20387 24450
20537 24443
20540 24440
20719 24337
20757 20828
20860 24244
21002 24206
21059 21356
21474 24176
21525 24087
21605 23580
21802 21809
21909 22942
22184 22897
22258 22619
23006 23521
23014 23442
23633 23721
23968 24050
25043 25184
25570 26397
25648 25737
25855 25906
26873 27113
27189 39859
27199 39818
27286 39709
27287 39651
27484 27678
27959 39605
28000 36915
28042 36804
28060 28321
28363 28477
28638 36765
28661 36547
28732 36485
28818 36412
28893 29090
29223 34575
29233 31288
29349 31161
29389 30808
29450 30772
29634 29916
30197 30445
30819 30852
30936 31107
30969 31016
31291 34022
31397 34017
31474 32369
31637 32053
32372 32461
32556 33952
32652 33846
32815 32947
33488 33794
34119 34395
34150 34250
34618 36381
34736 35896
34738 35784
34787 34883
34957 35595
34990 35403
35485 35556
35921 36220
37294 37443
37342 37417
37471 39595
37744 39502
37999 39428
38015 39393
38021 38785
38320 38451
38325 38417
38588 38773
39088 39369
40864 45868
41125 45806
41367 45800
41458 45701
41459 41559
41615 45634
41666 41766
41949 45557
41969 45195
42084 42895
42295 42868
43046 45063
43107 44991
43178 43600
43229 43427
43752 44588
43860 44454
44697 44986
45039 45046
45198 45293
46120 46215
46223 50675
46325 49877
46354 47234
46370 46429
46494 46499
46647 46772
46938 46993
47007 47187
47082 47099
47363 47733
47460 47690
47823 49815
47881 49750
47915 48020
48097 49745
48327 48465
48601 49730
48683 49608
49009 49529
49845 49855
49940 50630
50233 50524
50742 51200
51387 51403
51516 51567
51573 51926
52095 57387
52116 57253
52422 52694
52758 57230
52839 53187
53256 57214
53276 56517
53405 54768
53460 54086
54100 54548
54529 54530
54784 56468
54848 54861
54865 55121
55161 56414
55169 56007
55327 55638
56190 56247
56610 57169
57032 57084
57544 58156
57668 57855
57875 57980
59096 61452
59190 59695
59248 59579
59723 61405
59935 61287
59944 61122
60036 60932
60099 60571
60231 60238
60677 60728
61937 179987
61974 179938
61975 68666
62009 66107
62022 63145
62040 62825
62121 62525
62315 62426
63023 63100
63162 64497
63243 64468
63403 63688
63740 64445
63787 63799
64189 64329
64518 66072
64579 65990
64721 65938
64739 65016
65490 65494
66301 68621
66403 68616
66542 68445
66722 68422
66767 68271
66818 66985
67050 68026
67188 67314
67380 67597
68676 179931
68756 72756
68803 72749
68997 71980
69176 71968
69210 69755
69790 71905
69933 70918
69939 70726
70274 70636
71104 71871
71127 71663
72357 72622
72837 179875
73016 73662
73314 73582
73758 179535
73839 179391
73955 179156
74052 179098
74071 178990
74172 178895
74337 173953
74424 172971
74680 172893
74776 172527
74799 172356
74941 172338
75161 171454
75244 171399
75346 77979
75369 77955
75808 77947
75825 76436
75918 76062
76470 77634
76505 77064
76694 77015
77165 77605
77705 77926
78007 171398
78173 171361
78192 170937
78216 170237
78276 124139
78485 124003
78500 123963
78781 120858
78818 120824
79100 120815
79407 120719
79414 119437
79489 118767
79503 118744
79523 118623
79665 79730
79868 80109
80166 112804
80204 112631
80248 111967
80301 80930
80380 80872
80398 80748
80483 80515
80944 111015
81297 110979
81382 110974
81393 110613
81476 83710
81535 82217
81583 82110
81834 81850
82227 83660
82285 83496
82298 83113
82411 82528
82594 83087
82596 82746
82750 83057
83837 110611
83923 109931
84025 84730
84129 84686
84288 84493
84818 109817
84885 85405
85139 85209
85534 109737
85540 109726
85541 108964
85625 108745
85731 108570
85953 108545
86057 108544
86134 93273
86183 87866
86211 86221
86336 86405
86452 87719
86580 87645
86668 86766
86872 87598
87211 87570
87937 93238
88110 93209
88471 93198
88578 93151
88754 93024
88973 92921
89091 89381
89428 92873
89460 92862
89708 92800
90252 92791
90341 91040
90397 90874
90604 90681
91174 92687
91363 91477
91510 92299
91588 92214
92366 92411
92530 92541
93377 108502
93422 99993
93718 99870
93900 99654
94022 99646
94123 99377
94219 94366
94484 99299
94575 99210
94605 98173
94649 98103
94675 98049
94910 97129
95076 96058
95165 95980
95601 95602
96094 97064
96259 96875
96808 96830
97189 98011
97353 97514
97380 97446
97522 98002
97880 97926
98307 98953
98443 98658
99014 99193
99392 99551
100071 108492
100164 108390
100402 100443
100484 108310
100637 100750
100786 108228
101167 101288
101317 108209
101543 107984
101690 107877
101713 107823
101786 107796
101814 104673
101993 104458
102105 104441
102198 102341
102370 104277
102388 102538
102591 104208
102671 102864
102748 102808
102959 104169
103078 103110
103283 103506
103828 103871
103902 104092
104546 104591
104899 106800
105146 106734
105255 106714
105377 106665
105451 106496
105717 106180
105733 106114
106848 107614
106968 107584
107034 107566
107240 107381
108331 108342
109871 109918
109937 110580
111203 111905
111557 111865
112024 112626
112269 112589
112392 112558
112953 118613
113177 113420
113509 118522
113535 118426
113744 118305
113750 118226
113800 118036
113925 114043
114083 117842
114347 117841
114676 117529
114749 117463
114796 116795
114990 115240
114996 115182
115321 116771
115358 116743
115441 116710
115627 116569
115668 116184
116224 116257
116952 117166
117247 117409
117613 117809
118883 119356
119100 119182
119453 120318
119713 119950
120175 120282
120387 120662
120536 120611
121112 123912
121180 123894
121233 122534
121312 122318
121340 121874
121661 121855
122107 122178
122737 123814
122759 123691
122956 123596
123200 123546
124566 170189
124680 170033
124687 169734
124746 169601
124827 169579
124871 125203
124925 125093
125688 169578
125816 169566
125983 169202
126464 126847
126542 126690
126939 169111
127127 169014
127164 168668
127168 168535
127195 167752
127199 167274
127239 167181
127304 167021
127373 166872
127474 166733
127960 166534
128043 166531
128161 166156
128190 166082
128375 165999
128459 165959
129187 165762
129280 160022
129332 160009
129418 159780
129444 159746
129476 159434
129492 130977
129609 130919
129622 130787
129693 130768
129978 130015
130136 130740
131023 159172
131033 159056
131463 131529
131779 158881
131835 158829
132230 157595
132562 157541
132872 157455
133004 157434
133018 156622
133065 156578
133227 156224
133236 133581
133336 133536
133645 148620
133664 147058
133715 146026
133834 146016
133847 145754
133887 145493
134219 144805
134327 144275
134351 144232
134465 144225
134684 142930
134951 142925
134953 138225
134967 137215
135008 136738
135010 136690
135120 136420
135144 135517
135613 136409
135780 136366
135813 136096
136425 136459
136811 137177
136953 137002
137246 138175
137756 137906
137968 138090
138242 141120
138311 141110
138385 140911
138537 140688
138577 140388
138764 140383
138815 140262
139128 139756
139972 140090
140019 140039
140478 140525
141015 141107
141192 142850
141212 142641
141252 141410
141564 142623
141588 142315
141925 142017
142961 143982
143099 143821
143521 143729
144003 144214
144284 144594
144290 144368
144806 145223
144884 144959
145009 145164
145354 145449
145802 146011
146058 147054
146362 146541
146683 147050
147146 147355
147422 147451
147534 148570
147575 148015
148036 148168
148386 148530
148724 156196
149091 156004
149147 155982
149208 154280
149263 154116
149265 153916
149292 153898
149336 153765
149594 153342
149611 153287
149654 153243
149814 153222
149884 150792
150026 150133
150867 153023
150966 151162
151166 152925
151779 151828
151957 152894
152056 152262
152215 152239
152486 152832
154331 155971
154598 155601
154738 155548
154913 154924
155076 155117
155628 155872
156441 156502
156641 156865
157638 158812
157643 157675
157902 158458
157939 158182
158700 158748
159180 159236
159252 159395
160367 165751
160507 165598
161051 161280
161300 165550
161397 161489
161700 165416
161739 165087
161821 164995
162014 164921
162226 164839
162744 162822
162957 164764
163033 164572
163178 163360
163361 164408
163432 164369
163688 164227
163937 163980
164009 164021
165164 165234
166247 166483
166336 166345
167283 167506
167797 167971
168054 168426
168142 168169
169211 169510
169814 170004
170270 170912
170273 170869
170372 170412
170953 171152
171602 172217
171608 171992
172590 172618
172989 173884
173076 173732
173519 173679
174016 178057
174134 177995
174191 177705
174361 177701
174615 175637
174920 175398
174959 175373
175725 175971
176141 177624
176147 177029
176229 176482
176494 176962
177082 177560
177196 177474
178133 178770
178156 178599
178179 178584
179334 179363
179442 179486
179536 179747
